MaternalCare_Trial/app/build/intermediates/manifest_merge_blame_file/debug/processDebugMainManifest/manifest-merger-blame-debug-report.txt
1<?xml version="1.0" encoding="utf-8"?>
2<manifest xmlns:android="http://schemas.android.com/apk/res/android"
3    package="com.capstone.maternalcare"
4    android:versionCode="1"
5    android:versionName="1.0" >
6
7    <uses-sdk
8        android:minSdkVersion="24"
9        android:targetSdkVersion="35" />
10
11    <uses-permission android:name="android.permission.INTERNET" />
11-->src\main\AndroidManifest.xml:5:5-67
11-->src\main\AndroidManifest.xml:5:22-64
12    <uses-permission android:name="android.permission.ACCESS_FINE_LOCATION" />
12-->src\main\AndroidManifest.xml:6:5-79
12-->src\main\AndroidManifest.xml:6:22-76
13    <uses-permission android:name="android.permission.ACCESS_COARSE_LOCATION" />
13-->src\main\AndroidManifest.xml:7:5-81
13-->src\main\AndroidManifest.xml:7:22-78
14
15    <queries>
15-->src\main\AndroidManifest.xml:9:5-17:15
16        <intent>
16-->src\main\AndroidManifest.xml:10:9-16:18
17            <action android:name="android.intent.action.VIEW" />
17-->src\main\AndroidManifest.xml:11:13-65
17-->src\main\AndroidManifest.xml:11:21-62
18
19            <category android:name="android.intent.category.BROWSABLE" />
19-->src\main\AndroidManifest.xml:13:13-74
19-->src\main\AndroidManifest.xml:13:23-71
20
21            <data android:scheme="https" />
21-->src\main\AndroidManifest.xml:15:13-44
21-->src\main\AndroidManifest.xml:15:19-41
22        </intent>
23    </queries>
24
25    <permission
25-->[androidx.core:core:1.15.0] AndroidManifest.xml:22:5-24:47
26        android:name="com.capstone.maternalcare.DYNAMIC_RECEIVER_NOT_EXPORTED_PERMISSION"
26-->[androidx.core:core:1.15.0] AndroidManifest.xml:23:9-81
27        android:protectionLevel="signature" />
27-->[androidx.core:core:1.15.0] AndroidManifest.xml:24:9-44
28
29    <uses-permission android:name="com.capstone.maternalcare.DYNAMIC_RECEIVER_NOT_EXPORTED_PERMISSION" />
29-->[androidx.core:core:1.15.0] AndroidManifest.xml:26:5-97
29-->[androidx.core:core:1.15.0] AndroidManifest.xml:26:22-94
30
31    <application
31-->src\main\AndroidManifest.xml:19:5-59:19
32        android:allowBackup="true"
32-->src\main\AndroidManifest.xml:20:9-35
33        android:appComponentFactory="androidx.core.app.CoreComponentFactory"
33-->[androidx.core:core:1.15.0] AndroidManifest.xml:28:18-86
34        android:dataExtractionRules="@xml/data_extraction_rules"
34-->src\main\AndroidManifest.xml:21:9-65
35        android:debuggable="true"
36        android:extractNativeLibs="false"
37        android:fullBackupContent="@xml/backup_rules"
37-->src\main\AndroidManifest.xml:22:9-54
38        android:icon="@drawable/logomaternalcare"
38-->src\main\AndroidManifest.xml:23:9-50
39        android:label="@string/app_name"
39-->src\main\AndroidManifest.xml:24:9-41
40        android:roundIcon="@drawable/logomaternalcare"
40-->src\main\AndroidManifest.xml:25:9-55
41        android:supportsRtl="true"
41-->src\main\AndroidManifest.xml:26:9-35
42        android:testOnly="true"
43        android:theme="@style/Theme.MaternalCare" >
43-->src\main\AndroidManifest.xml:27:9-50
44        <activity
44-->src\main\AndroidManifest.xml:30:9-32:40
45            android:name="com.capstone.maternalcare.ui.history.HistoryActivity"
45-->src\main\AndroidManifest.xml:31:13-55
46            android:exported="false" />
46-->src\main\AndroidManifest.xml:32:13-37
47        <activity
47-->src\main\AndroidManifest.xml:33:9-41:20
48            android:name="com.capstone.maternalcare.ui.splashscreen.SplashScreenActivity"
48-->src\main\AndroidManifest.xml:34:13-65
49            android:exported="true" >
49-->src\main\AndroidManifest.xml:35:13-36
50            <intent-filter>
50-->src\main\AndroidManifest.xml:36:13-40:29
51                <action android:name="android.intent.action.MAIN" />
51-->src\main\AndroidManifest.xml:37:17-69
51-->src\main\AndroidManifest.xml:37:25-66
52
53                <category android:name="android.intent.category.LAUNCHER" />
53-->src\main\AndroidManifest.xml:39:17-77
53-->src\main\AndroidManifest.xml:39:27-74
54            </intent-filter>
55        </activity>
56        <activity
56-->src\main\AndroidManifest.xml:43:9-45:40
57            android:name="com.capstone.maternalcare.ui.recomendations.DetailArticleActivity"
57-->src\main\AndroidManifest.xml:44:13-68
58            android:exported="false" />
58-->src\main\AndroidManifest.xml:45:13-37
59        <activity
59-->src\main\AndroidManifest.xml:46:9-48:40
60            android:name="com.capstone.maternalcare.ui.register.RegisterActivity2"
60-->src\main\AndroidManifest.xml:47:13-58
61            android:exported="false" />
61-->src\main\AndroidManifest.xml:48:13-37
62        <activity
62-->src\main\AndroidManifest.xml:49:9-51:40
63            android:name="com.capstone.maternalcare.ui.register.RegisterActivity"
63-->src\main\AndroidManifest.xml:50:13-57
64            android:exported="false" />
64-->src\main\AndroidManifest.xml:51:13-37
65        <activity
65-->src\main\AndroidManifest.xml:52:9-54:40
66            android:name="com.capstone.maternalcare.ui.login.LoginActivity"
66-->src\main\AndroidManifest.xml:53:13-51
67            android:exported="false" />
67-->src\main\AndroidManifest.xml:54:13-37
68        <activity
68-->src\main\AndroidManifest.xml:55:9-57:40
69            android:name="com.capstone.maternalcare.MainActivity"
69-->src\main\AndroidManifest.xml:56:13-41
70            android:exported="false" />
70-->src\main\AndroidManifest.xml:57:13-37
71
72        <provider
72-->[androidx.emoji2:emoji2:1.3.0] AndroidManifest.xml:24:9-32:20
73            android:name="androidx.startup.InitializationProvider"
73-->[androidx.emoji2:emoji2:1.3.0] AndroidManifest.xml:25:13-67
74            android:authorities="com.capstone.maternalcare.androidx-startup"
74-->[androidx.emoji2:emoji2:1.3.0] AndroidManifest.xml:26:13-68
75            android:exported="false" >
75-->[androidx.emoji2:emoji2:1.3.0] AndroidManifest.xml:27:13-37
76            <meta-data
76-->[androidx.emoji2:emoji2:1.3.0] AndroidManifest.xml:29:13-31:52
77                android:name="androidx.emoji2.text.EmojiCompatInitializer"
77-->[androidx.emoji2:emoji2:1.3.0] AndroidManifest.xml:30:17-75
78                android:value="androidx.startup" />
78-->[androidx.emoji2:emoji2:1.3.0] AndroidManifest.xml:31:17-49
79            <meta-data
79-->[androidx.lifecycle:lifecycle-process:2.6.2] AndroidManifest.xml:29:13-31:52
80                android:name="androidx.lifecycle.ProcessLifecycleInitializer"
80-->[androidx.lifecycle:lifecycle-process:2.6.2] AndroidManifest.xml:30:17-78
81                android:value="androidx.startup" />
81-->[androidx.lifecycle:lifecycle-process:2.6.2] AndroidManifest.xml:31:17-49
82            <meta-data
82-->[androidx.profileinstaller:profileinstaller:1.4.0] AndroidManifest.xml:29:13-31:52
83                android:name="androidx.profileinstaller.ProfileInstallerInitializer"
83-->[androidx.profileinstaller:profileinstaller:1.4.0] AndroidManifest.xml:30:17-85
84                android:value="androidx.startup" />
84-->[androidx.profileinstaller:profileinstaller:1.4.0] AndroidManifest.xml:31:17-49
85        </provider>
86
87        <uses-library
87-->[androidx.window:window:1.0.0] AndroidManifest.xml:25:9-27:40
88            android:name="androidx.window.extensions"
88-->[androidx.window:window:1.0.0] AndroidManifest.xml:26:13-54
89            android:required="false" />
89-->[androidx.window:window:1.0.0] AndroidManifest.xml:27:13-37
90        <uses-library
90-->[androidx.window:window:1.0.0] AndroidManifest.xml:28:9-30:40
91            android:name="androidx.window.sidecar"
91-->[androidx.window:window:1.0.0] AndroidManifest.xml:29:13-51
92            android:required="false" />
92-->[androidx.window:window:1.0.0] AndroidManifest.xml:30:13-37
93
94        <receiver
94-->[androidx.profileinstaller:profileinstaller:1.4.0] AndroidManifest.xml:34:9-52:20
95            android:name="androidx.profileinstaller.ProfileInstallReceiver"
95-->[androidx.profileinstaller:profileinstaller:1.4.0] AndroidManifest.xml:35:13-76
96            android:directBootAware="false"
96-->[androidx.profileinstaller:profileinstaller:1.4.0] AndroidManifest.xml:36:13-44
97            android:enabled="true"
97-->[androidx.profileinstaller:profileinstaller:1.4.0] AndroidManifest.xml:37:13-35
98            android:exported="true"
98-->[androidx.profileinstaller:profileinstaller:1.4.0] AndroidManifest.xml:38:13-36
99            android:permission="android.permission.DUMP" >
99-->[androidx.profileinstaller:profileinstaller:1.4.0] AndroidManifest.xml:39:13-57
100            <intent-filter>
100-->[androidx.profileinstaller:profileinstaller:1.4.0] AndroidManifest.xml:40:13-42:29
101                <action android:name="androidx.profileinstaller.action.INSTALL_PROFILE" />
101-->[androidx.profileinstaller:profileinstaller:1.4.0] AndroidManifest.xml:41:17-91
101-->[androidx.profileinstaller:profileinstaller:1.4.0] AndroidManifest.xml:41:25-88
102            </intent-filter>
103            <intent-filter>
103-->[androidx.profileinstaller:profileinstaller:1.4.0] AndroidManifest.xml:43:13-45:29
104                <action android:name="androidx.profileinstaller.action.SKIP_FILE" />
104-->[androidx.profileinstaller:profileinstaller:1.4.0] AndroidManifest.xml:44:17-85
104-->[androidx.profileinstaller:profileinstaller:1.4.0] AndroidManifest.xml:44:25-82
105            </intent-filter>
106            <intent-filter>
106-->[androidx.profileinstaller:profileinstaller:1.4.0] AndroidManifest.xml:46:13-48:29
107                <action android:name="androidx.profileinstaller.action.SAVE_PROFILE" />
107-->[androidx.profileinstaller:profileinstaller:1.4.0] AndroidManifest.xml:47:17-88
107-->[androidx.profileinstaller:profileinstaller:1.4.0] AndroidManifest.xml:47:25-85
108            </intent-filter>
109            <intent-filter>
109-->[androidx.profileinstaller:profileinstaller:1.4.0] AndroidManifest.xml:49:13-51:29
110                <action android:name="androidx.profileinstaller.action.BENCHMARK_OPERATION" />
110-->[androidx.profileinstaller:profileinstaller:1.4.0] AndroidManifest.xml:50:17-95
110-->[androidx.profileinstaller:profileinstaller:1.4.0] AndroidManifest.xml:50:25-92
111            </intent-filter>
112        </receiver>
113    </application>
114
115</manifest>